<?xml version="1.0" encoding="UTF-8"?>
<robot generator="Robot 5.0 (Python 3.10.5 on win32)" generated="20220921 10:28:04.351" rpa="false" schemaversion="3">
<suite id="s1" name="Opencart" source="C:\PruebaAuto\test\UI\reporting\opencart.robot">
<test id="s1-t1" name="pruebaAutomatizacion" line="12">
<kw name="Abrir navegador" library="config">
<arg>pruebaAutomatizacion</arg>
<kw name="Open Browser" library="SeleniumLibrary">
<arg>${url_open}</arg>
<arg>${navegador}</arg>
<arg>options=add_argument("--disable-popup-blocking"); add_argument("--ignore-certificate-errors")</arg>
<doc>Opens a new browser instance to the optional ``url``.</doc>
<msg timestamp="20220921 10:28:04.992" level="INFO">Opening browser 'Chrome' to base url 'https://www.demoblaze.com/'.</msg>
<status status="PASS" starttime="20220921 10:28:04.991" endtime="20220921 10:28:13.668"/>
</kw>
<kw name="Maximize Browser Window" library="SeleniumLibrary">
<doc>Maximizes current browser window.</doc>
<status status="PASS" starttime="20220921 10:28:13.669" endtime="20220921 10:28:13.801"/>
</kw>
<kw name="Wait Until Element Is Visible" library="SeleniumLibrary">
<arg>//a[@class='navbar-brand'][contains(.,'PRODUCT STORE')]</arg>
<arg>${_Sleep}</arg>
<doc>Waits until the element ``locator`` is visible.</doc>
<status status="PASS" starttime="20220921 10:28:13.801" endtime="20220921 10:28:13.836"/>
</kw>
<kw name="Crear Carpeta" library="GeneralActionsPhyton">
<var>${ruta}</var>
<arg>${_nombreCarpeta}</arg>
<msg timestamp="20220921 10:28:13.837" level="INFO">no existe, se crea</msg>
<msg timestamp="20220921 10:28:13.837" level="INFO">${ruta} = C:/B2B2C/test/reporting/21_09_10_13_pruebaAutomatizacion/</msg>
<status status="PASS" starttime="20220921 10:28:13.837" endtime="20220921 10:28:13.837"/>
</kw>
<kw name="Set Test Variable" library="BuiltIn">
<arg>${ruta}</arg>
<doc>Makes a variable available everywhere within the scope of the current test.</doc>
<msg timestamp="20220921 10:28:13.838" level="INFO">${ruta} = C:/B2B2C/test/reporting/21_09_10_13_pruebaAutomatizacion/</msg>
<status status="PASS" starttime="20220921 10:28:13.837" endtime="20220921 10:28:13.838"/>
</kw>
<status status="PASS" starttime="20220921 10:28:04.990" endtime="20220921 10:28:13.838"/>
</kw>
<kw name="Agregar primer producto" library="opencartAction">
<kw name="Run Keyword And Ignore Error" library="BuiltIn">
<arg>Cargando tiempo corto</arg>
<doc>Runs the given keyword with the given arguments and ignores possible error.</doc>
<kw name="Cargando tiempo corto">
<msg timestamp="20220921 10:28:13.844" level="FAIL">No keyword with name 'Cargando tiempo corto' found.</msg>
<status status="FAIL" starttime="20220921 10:28:13.844" endtime="20220921 10:28:13.844"/>
</kw>
<status status="PASS" starttime="20220921 10:28:13.839" endtime="20220921 10:28:13.844"/>
</kw>
<kw name="Scroll elemento por cordenadas" library="generalActions">
<arg>${btn_categorias}</arg>
<kw name="Wait Until Element Is Visible" library="SeleniumLibrary">
<arg>${element}</arg>
<arg>${_Sleep}</arg>
<doc>Waits until the element ``locator`` is visible.</doc>
<status status="PASS" starttime="20220921 10:28:13.844" endtime="20220921 10:28:13.863"/>
</kw>
<kw name="Get Horizontal Position" library="SeleniumLibrary">
<var>${x}</var>
<arg>${element}</arg>
<doc>Returns the horizontal position of the element identified by ``locator``.</doc>
<msg timestamp="20220921 10:28:13.875" level="INFO">${x} = 77</msg>
<status status="PASS" starttime="20220921 10:28:13.863" endtime="20220921 10:28:13.875"/>
</kw>
<kw name="Get Vertical Position" library="SeleniumLibrary">
<var>${y}</var>
<arg>${element}</arg>
<doc>Returns the vertical position of the element identified by ``locator``.</doc>
<msg timestamp="20220921 10:28:13.881" level="INFO">${y} = 426</msg>
<status status="PASS" starttime="20220921 10:28:13.875" endtime="20220921 10:28:13.881"/>
</kw>
<kw name="Execute Javascript" library="SeleniumLibrary">
<arg>window.scrollTo(${x}, ${y})</arg>
<doc>Executes the given JavaScript code with possible arguments.</doc>
<msg timestamp="20220921 10:28:13.882" level="INFO">Executing JavaScript:
window.scrollTo(77, 426)
Without any arguments.</msg>
<status status="PASS" starttime="20220921 10:28:13.882" endtime="20220921 10:28:13.887"/>
</kw>
<kw name="Sleep" library="BuiltIn">
<arg>1S</arg>
<doc>Pauses the test executed for the given time.</doc>
<msg timestamp="20220921 10:28:14.896" level="INFO">Slept 1 second</msg>
<status status="PASS" starttime="20220921 10:28:13.887" endtime="20220921 10:28:14.896"/>
</kw>
<status status="PASS" starttime="20220921 10:28:13.844" endtime="20220921 10:28:14.896"/>
</kw>
<kw name="Click Elemento" library="generalActions">
<arg>${_btn_primer_producto}</arg>
<kw name="Wait Until Element Is Visible" library="SeleniumLibrary">
<arg>${element}</arg>
<arg>${_Sleep}</arg>
<doc>Waits until the element ``locator`` is visible.</doc>
<status status="PASS" starttime="20220921 10:28:14.897" endtime="20220921 10:28:14.917"/>
</kw>
<kw name="Wait Until Element Is Enabled" library="SeleniumLibrary">
<arg>${element}</arg>
<arg>${_Sleep}</arg>
<doc>Waits until the element ``locator`` is enabled.</doc>
<status status="PASS" starttime="20220921 10:28:14.917" endtime="20220921 10:28:14.934"/>
</kw>
<kw name="Set Focus To Element" library="SeleniumLibrary">
<arg>${element}</arg>
<doc>Sets the focus to the element identified by ``locator``.</doc>
<status status="PASS" starttime="20220921 10:28:14.934" endtime="20220921 10:28:14.949"/>
</kw>
<kw name="Click Element" library="SeleniumLibrary">
<arg>${element}</arg>
<doc>Click the element identified by ``locator``.</doc>
<msg timestamp="20220921 10:28:14.950" level="INFO">Clicking element '//a[contains(.,'Samsung galaxy s6')]'.</msg>
<status status="PASS" starttime="20220921 10:28:14.949" endtime="20220921 10:28:15.299"/>
</kw>
<status status="PASS" starttime="20220921 10:28:14.896" endtime="20220921 10:28:15.299"/>
</kw>
<kw name="Click Elemento" library="generalActions">
<arg>${_btn_anadir_producto_uno}</arg>
<kw name="Wait Until Element Is Visible" library="SeleniumLibrary">
<arg>${element}</arg>
<arg>${_Sleep}</arg>
<doc>Waits until the element ``locator`` is visible.</doc>
<status status="PASS" starttime="20220921 10:28:15.301" endtime="20220921 10:28:15.752"/>
</kw>
<kw name="Wait Until Element Is Enabled" library="SeleniumLibrary">
<arg>${element}</arg>
<arg>${_Sleep}</arg>
<doc>Waits until the element ``locator`` is enabled.</doc>
<status status="PASS" starttime="20220921 10:28:15.753" endtime="20220921 10:28:15.783"/>
</kw>
<kw name="Set Focus To Element" library="SeleniumLibrary">
<arg>${element}</arg>
<doc>Sets the focus to the element identified by ``locator``.</doc>
<status status="PASS" starttime="20220921 10:28:15.783" endtime="20220921 10:28:15.804"/>
</kw>
<kw name="Click Element" library="SeleniumLibrary">
<arg>${element}</arg>
<doc>Click the element identified by ``locator``.</doc>
<msg timestamp="20220921 10:28:15.804" level="INFO">Clicking element '//a[contains(@onclick,'addToCart(1)')]'.</msg>
<status status="PASS" starttime="20220921 10:28:15.804" endtime="20220921 10:28:15.845"/>
</kw>
<status status="PASS" starttime="20220921 10:28:15.299" endtime="20220921 10:28:15.845"/>
</kw>
<kw name="Handle Alert" library="SeleniumLibrary">
<arg>action=accept</arg>
<doc>Handles the current alert and returns its message.</doc>
<msg timestamp="20220921 10:28:15.845" level="INFO">HANDLE::&lt;class 'NoneType'&gt;::None</msg>
<status status="PASS" starttime="20220921 10:28:15.845" endtime="20220921 10:28:16.354"/>
</kw>
<kw name="Run Keyword And Ignore Error" library="BuiltIn">
<arg>Cargando</arg>
<doc>Runs the given keyword with the given arguments and ignores possible error.</doc>
<kw name="Cargando">
<msg timestamp="20220921 10:28:16.359" level="FAIL">No keyword with name 'Cargando' found.</msg>
<status status="FAIL" starttime="20220921 10:28:16.359" endtime="20220921 10:28:16.359"/>
</kw>
<status status="PASS" starttime="20220921 10:28:16.354" endtime="20220921 10:28:16.360"/>
</kw>
<status status="PASS" starttime="20220921 10:28:13.838" endtime="20220921 10:28:16.360"/>
</kw>
<kw name="Agregar segundo producto" library="opencartAction">
<kw name="Click Elemento" library="generalActions">
<arg>${btn_home}</arg>
<kw name="Wait Until Element Is Visible" library="SeleniumLibrary">
<arg>${element}</arg>
<arg>${_Sleep}</arg>
<doc>Waits until the element ``locator`` is visible.</doc>
<status status="PASS" starttime="20220921 10:28:16.360" endtime="20220921 10:28:16.384"/>
</kw>
<kw name="Wait Until Element Is Enabled" library="SeleniumLibrary">
<arg>${element}</arg>
<arg>${_Sleep}</arg>
<doc>Waits until the element ``locator`` is enabled.</doc>
<status status="PASS" starttime="20220921 10:28:16.385" endtime="20220921 10:28:16.413"/>
</kw>
<kw name="Set Focus To Element" library="SeleniumLibrary">
<arg>${element}</arg>
<doc>Sets the focus to the element identified by ``locator``.</doc>
<status status="PASS" starttime="20220921 10:28:16.414" endtime="20220921 10:28:16.437"/>
</kw>
<kw name="Click Element" library="SeleniumLibrary">
<arg>${element}</arg>
<doc>Click the element identified by ``locator``.</doc>
<msg timestamp="20220921 10:28:16.437" level="INFO">Clicking element '//a[@class='nav-link'][contains(.,'Home (current)')]'.</msg>
<status status="PASS" starttime="20220921 10:28:16.437" endtime="20220921 10:28:16.782"/>
</kw>
<status status="PASS" starttime="20220921 10:28:16.360" endtime="20220921 10:28:16.783"/>
</kw>
<kw name="Scroll elemento por cordenadas" library="generalActions">
<arg>${btn_categorias}</arg>
<kw name="Wait Until Element Is Visible" library="SeleniumLibrary">
<arg>${element}</arg>
<arg>${_Sleep}</arg>
<doc>Waits until the element ``locator`` is visible.</doc>
<status status="PASS" starttime="20220921 10:28:16.783" endtime="20220921 10:28:16.804"/>
</kw>
<kw name="Get Horizontal Position" library="SeleniumLibrary">
<var>${x}</var>
<arg>${element}</arg>
<doc>Returns the horizontal position of the element identified by ``locator``.</doc>
<msg timestamp="20220921 10:28:16.820" level="INFO">${x} = 77</msg>
<status status="PASS" starttime="20220921 10:28:16.804" endtime="20220921 10:28:16.820"/>
</kw>
<kw name="Get Vertical Position" library="SeleniumLibrary">
<var>${y}</var>
<arg>${element}</arg>
<doc>Returns the vertical position of the element identified by ``locator``.</doc>
<msg timestamp="20220921 10:28:16.830" level="INFO">${y} = 426</msg>
<status status="PASS" starttime="20220921 10:28:16.820" endtime="20220921 10:28:16.830"/>
</kw>
<kw name="Execute Javascript" library="SeleniumLibrary">
<arg>window.scrollTo(${x}, ${y})</arg>
<doc>Executes the given JavaScript code with possible arguments.</doc>
<msg timestamp="20220921 10:28:16.831" level="INFO">Executing JavaScript:
window.scrollTo(77, 426)
Without any arguments.</msg>
<status status="PASS" starttime="20220921 10:28:16.831" endtime="20220921 10:28:16.834"/>
</kw>
<kw name="Sleep" library="BuiltIn">
<arg>1S</arg>
<doc>Pauses the test executed for the given time.</doc>
<msg timestamp="20220921 10:28:17.841" level="INFO">Slept 1 second</msg>
<status status="PASS" starttime="20220921 10:28:16.834" endtime="20220921 10:28:17.841"/>
</kw>
<status status="PASS" starttime="20220921 10:28:16.783" endtime="20220921 10:28:17.842"/>
</kw>
<kw name="Click Elemento" library="generalActions">
<arg>${_btn_segundo_producto}</arg>
<kw name="Wait Until Element Is Visible" library="SeleniumLibrary">
<arg>${element}</arg>
<arg>${_Sleep}</arg>
<doc>Waits until the element ``locator`` is visible.</doc>
<status status="PASS" starttime="20220921 10:28:17.842" endtime="20220921 10:28:17.860"/>
</kw>
<kw name="Wait Until Element Is Enabled" library="SeleniumLibrary">
<arg>${element}</arg>
<arg>${_Sleep}</arg>
<doc>Waits until the element ``locator`` is enabled.</doc>
<status status="PASS" starttime="20220921 10:28:17.860" endtime="20220921 10:28:17.885"/>
</kw>
<kw name="Set Focus To Element" library="SeleniumLibrary">
<arg>${element}</arg>
<doc>Sets the focus to the element identified by ``locator``.</doc>
<status status="PASS" starttime="20220921 10:28:17.885" endtime="20220921 10:28:17.897"/>
</kw>
<kw name="Click Element" library="SeleniumLibrary">
<arg>${element}</arg>
<doc>Click the element identified by ``locator``.</doc>
<msg timestamp="20220921 10:28:17.898" level="INFO">Clicking element '//a[contains(.,'Nokia lumia 1520')]'.</msg>
<status status="PASS" starttime="20220921 10:28:17.897" endtime="20220921 10:28:18.256"/>
</kw>
<status status="PASS" starttime="20220921 10:28:17.842" endtime="20220921 10:28:18.257"/>
</kw>
<kw name="Click Elemento" library="generalActions">
<arg>${_btn_anadir_producto_dos}</arg>
<kw name="Wait Until Element Is Visible" library="SeleniumLibrary">
<arg>${element}</arg>
<arg>${_Sleep}</arg>
<doc>Waits until the element ``locator`` is visible.</doc>
<status status="PASS" starttime="20220921 10:28:18.257" endtime="20220921 10:28:18.706"/>
</kw>
<kw name="Wait Until Element Is Enabled" library="SeleniumLibrary">
<arg>${element}</arg>
<arg>${_Sleep}</arg>
<doc>Waits until the element ``locator`` is enabled.</doc>
<status status="PASS" starttime="20220921 10:28:18.706" endtime="20220921 10:28:18.724"/>
</kw>
<kw name="Set Focus To Element" library="SeleniumLibrary">
<arg>${element}</arg>
<doc>Sets the focus to the element identified by ``locator``.</doc>
<status status="PASS" starttime="20220921 10:28:18.725" endtime="20220921 10:28:18.735"/>
</kw>
<kw name="Click Element" library="SeleniumLibrary">
<arg>${element}</arg>
<doc>Click the element identified by ``locator``.</doc>
<msg timestamp="20220921 10:28:18.735" level="INFO">Clicking element '//a[contains(@onclick,'addToCart(2)')]'.</msg>
<status status="PASS" starttime="20220921 10:28:18.735" endtime="20220921 10:28:18.772"/>
</kw>
<status status="PASS" starttime="20220921 10:28:18.257" endtime="20220921 10:28:18.772"/>
</kw>
<kw name="Handle Alert" library="SeleniumLibrary">
<arg>action=accept</arg>
<doc>Handles the current alert and returns its message.</doc>
<msg timestamp="20220921 10:28:18.773" level="INFO">HANDLE::&lt;class 'NoneType'&gt;::None</msg>
<status status="PASS" starttime="20220921 10:28:18.772" endtime="20220921 10:28:19.285"/>
</kw>
<kw name="Run Keyword And Ignore Error" library="BuiltIn">
<arg>Cargando</arg>
<doc>Runs the given keyword with the given arguments and ignores possible error.</doc>
<kw name="Cargando">
<msg timestamp="20220921 10:28:19.290" level="FAIL">No keyword with name 'Cargando' found.</msg>
<status status="FAIL" starttime="20220921 10:28:19.290" endtime="20220921 10:28:19.290"/>
</kw>
<status status="PASS" starttime="20220921 10:28:19.285" endtime="20220921 10:28:19.291"/>
</kw>
<status status="PASS" starttime="20220921 10:28:16.360" endtime="20220921 10:28:19.291"/>
</kw>
<kw name="Seleccionar carrito" library="opencartAction">
<kw name="Scroll Element Into View" library="SeleniumLibrary">
<arg>${btn_carrito_compras}</arg>
<doc>Scrolls the element identified by ``locator`` into view.</doc>
<status status="PASS" starttime="20220921 10:28:19.291" endtime="20220921 10:28:19.564"/>
</kw>
<kw name="Click Elemento" library="generalActions">
<arg>${btn_carrito_compras}</arg>
<kw name="Wait Until Element Is Visible" library="SeleniumLibrary">
<arg>${element}</arg>
<arg>${_Sleep}</arg>
<doc>Waits until the element ``locator`` is visible.</doc>
<status status="PASS" starttime="20220921 10:28:19.567" endtime="20220921 10:28:19.595"/>
</kw>
<kw name="Wait Until Element Is Enabled" library="SeleniumLibrary">
<arg>${element}</arg>
<arg>${_Sleep}</arg>
<doc>Waits until the element ``locator`` is enabled.</doc>
<status status="PASS" starttime="20220921 10:28:19.595" endtime="20220921 10:28:19.618"/>
</kw>
<kw name="Set Focus To Element" library="SeleniumLibrary">
<arg>${element}</arg>
<doc>Sets the focus to the element identified by ``locator``.</doc>
<status status="PASS" starttime="20220921 10:28:19.619" endtime="20220921 10:28:19.626"/>
</kw>
<kw name="Click Element" library="SeleniumLibrary">
<arg>${element}</arg>
<doc>Click the element identified by ``locator``.</doc>
<msg timestamp="20220921 10:28:19.627" level="INFO">Clicking element '//a[@class='nav-link'][contains(.,'Cart')]'.</msg>
<status status="PASS" starttime="20220921 10:28:19.627" endtime="20220921 10:28:19.962"/>
</kw>
<status status="PASS" starttime="20220921 10:28:19.564" endtime="20220921 10:28:19.962"/>
</kw>
<kw name="Click Elemento" library="generalActions">
<arg>${btn_checkout}</arg>
<kw name="Wait Until Element Is Visible" library="SeleniumLibrary">
<arg>${element}</arg>
<arg>${_Sleep}</arg>
<doc>Waits until the element ``locator`` is visible.</doc>
<status status="PASS" starttime="20220921 10:28:19.963" endtime="20220921 10:28:19.983"/>
</kw>
<kw name="Wait Until Element Is Enabled" library="SeleniumLibrary">
<arg>${element}</arg>
<arg>${_Sleep}</arg>
<doc>Waits until the element ``locator`` is enabled.</doc>
<status status="PASS" starttime="20220921 10:28:19.983" endtime="20220921 10:28:20.006"/>
</kw>
<kw name="Set Focus To Element" library="SeleniumLibrary">
<arg>${element}</arg>
<doc>Sets the focus to the element identified by ``locator``.</doc>
<status status="PASS" starttime="20220921 10:28:20.006" endtime="20220921 10:28:20.014"/>
</kw>
<kw name="Click Element" library="SeleniumLibrary">
<arg>${element}</arg>
<doc>Click the element identified by ``locator``.</doc>
<msg timestamp="20220921 10:28:20.017" level="INFO">Clicking element '//button[@type='button'][contains(.,'Place Order')]'.</msg>
<status status="PASS" starttime="20220921 10:28:20.015" endtime="20220921 10:28:20.052"/>
</kw>
<status status="PASS" starttime="20220921 10:28:19.963" endtime="20220921 10:28:20.053"/>
</kw>
<kw name="tomar evidencia" library="generalActions">
<arg>${ruta}</arg>
<arg>productos.png</arg>
<kw name="Capture Page Screenshot" library="SeleniumLibrary">
<arg>${ruta}${nombre}</arg>
<doc>Takes a screenshot of the current page and embeds it into a log file.</doc>
<msg timestamp="20220921 10:28:20.300" level="INFO" html="true">&lt;/td&gt;&lt;/tr&gt;&lt;tr&gt;&lt;td colspan="3"&gt;&lt;a href="../../../../B2B2C/test/reporting/21_09_10_13_pruebaAutomatizacion/productos.png"&gt;&lt;img src="../../../../B2B2C/test/reporting/21_09_10_13_pruebaAutomatizacion/productos.png" width="800px"&gt;&lt;/a&gt;</msg>
<status status="PASS" starttime="20220921 10:28:20.053" endtime="20220921 10:28:20.301"/>
</kw>
<kw name="Set Screenshot Directory" library="ScreenCapLibrary">
<arg>${ruta}</arg>
<doc>Sets the directory where screenshots are saved.</doc>
<status status="PASS" starttime="20220921 10:28:20.302" endtime="20220921 10:28:20.305"/>
</kw>
<status status="PASS" starttime="20220921 10:28:20.053" endtime="20220921 10:28:20.305"/>
</kw>
<status status="PASS" starttime="20220921 10:28:19.291" endtime="20220921 10:28:20.305"/>
</kw>
<kw name="Ingresamos detalles facturacion" library="opencartTask">
<kw name="Ingresar detalles facturacion" library="opencartAction">
<kw name="Ingresar Texto" library="generalActions">
<arg>${input_nom}</arg>
<arg>test</arg>
<kw name="Wait Until Element Is Visible" library="SeleniumLibrary">
<arg>${element}</arg>
<arg>${_Sleep}</arg>
<doc>Waits until the element ``locator`` is visible.</doc>
<status status="PASS" starttime="20220921 10:28:20.306" endtime="20220921 10:28:20.330"/>
</kw>
<kw name="Wait Until Element Is Enabled" library="SeleniumLibrary">
<arg>${element}</arg>
<arg>${_Sleep}</arg>
<doc>Waits until the element ``locator`` is enabled.</doc>
<status status="PASS" starttime="20220921 10:28:20.330" endtime="20220921 10:28:20.360"/>
</kw>
<kw name="Set Focus To Element" library="SeleniumLibrary">
<arg>${element}</arg>
<doc>Sets the focus to the element identified by ``locator``.</doc>
<status status="PASS" starttime="20220921 10:28:20.361" endtime="20220921 10:28:20.377"/>
</kw>
<kw name="Input Text" library="SeleniumLibrary">
<arg>${element}</arg>
<arg>${data}</arg>
<doc>Types the given ``text`` into the text field identified by ``locator``.</doc>
<msg timestamp="20220921 10:28:20.377" level="INFO">Typing text 'test' into text field '//input[@id='name']'.</msg>
<status status="PASS" starttime="20220921 10:28:20.377" endtime="20220921 10:28:20.428"/>
</kw>
<status status="PASS" starttime="20220921 10:28:20.306" endtime="20220921 10:28:20.428"/>
</kw>
<kw name="Ingresar Texto" library="generalActions">
<arg>${input_pais}</arg>
<arg>Testing</arg>
<kw name="Wait Until Element Is Visible" library="SeleniumLibrary">
<arg>${element}</arg>
<arg>${_Sleep}</arg>
<doc>Waits until the element ``locator`` is visible.</doc>
<status status="PASS" starttime="20220921 10:28:20.429" endtime="20220921 10:28:20.457"/>
</kw>
<kw name="Wait Until Element Is Enabled" library="SeleniumLibrary">
<arg>${element}</arg>
<arg>${_Sleep}</arg>
<doc>Waits until the element ``locator`` is enabled.</doc>
<status status="PASS" starttime="20220921 10:28:20.457" endtime="20220921 10:28:20.475"/>
</kw>
<kw name="Set Focus To Element" library="SeleniumLibrary">
<arg>${element}</arg>
<doc>Sets the focus to the element identified by ``locator``.</doc>
<status status="PASS" starttime="20220921 10:28:20.475" endtime="20220921 10:28:20.486"/>
</kw>
<kw name="Input Text" library="SeleniumLibrary">
<arg>${element}</arg>
<arg>${data}</arg>
<doc>Types the given ``text`` into the text field identified by ``locator``.</doc>
<msg timestamp="20220921 10:28:20.486" level="INFO">Typing text 'Testing' into text field '//input[contains(@id,'country')]'.</msg>
<status status="PASS" starttime="20220921 10:28:20.486" endtime="20220921 10:28:20.539"/>
</kw>
<status status="PASS" starttime="20220921 10:28:20.428" endtime="20220921 10:28:20.539"/>
</kw>
<kw name="Ingresar Texto" library="generalActions">
<arg>${input_cuidad}</arg>
<arg>BOGOTA</arg>
<kw name="Wait Until Element Is Visible" library="SeleniumLibrary">
<arg>${element}</arg>
<arg>${_Sleep}</arg>
<doc>Waits until the element ``locator`` is visible.</doc>
<status status="PASS" starttime="20220921 10:28:20.539" endtime="20220921 10:28:20.555"/>
</kw>
<kw name="Wait Until Element Is Enabled" library="SeleniumLibrary">
<arg>${element}</arg>
<arg>${_Sleep}</arg>
<doc>Waits until the element ``locator`` is enabled.</doc>
<status status="PASS" starttime="20220921 10:28:20.555" endtime="20220921 10:28:20.573"/>
</kw>
<kw name="Set Focus To Element" library="SeleniumLibrary">
<arg>${element}</arg>
<doc>Sets the focus to the element identified by ``locator``.</doc>
<status status="PASS" starttime="20220921 10:28:20.573" endtime="20220921 10:28:20.581"/>
</kw>
<kw name="Input Text" library="SeleniumLibrary">
<arg>${element}</arg>
<arg>${data}</arg>
<doc>Types the given ``text`` into the text field identified by ``locator``.</doc>
<msg timestamp="20220921 10:28:20.581" level="INFO">Typing text 'BOGOTA' into text field '//input[contains(@id,'city')]'.</msg>
<status status="PASS" starttime="20220921 10:28:20.581" endtime="20220921 10:28:20.630"/>
</kw>
<status status="PASS" starttime="20220921 10:28:20.539" endtime="20220921 10:28:20.630"/>
</kw>
<kw name="Ingresar Texto" library="generalActions">
<arg>${input_tarjeta}</arg>
<arg>test123</arg>
<kw name="Wait Until Element Is Visible" library="SeleniumLibrary">
<arg>${element}</arg>
<arg>${_Sleep}</arg>
<doc>Waits until the element ``locator`` is visible.</doc>
<status status="PASS" starttime="20220921 10:28:20.631" endtime="20220921 10:28:20.653"/>
</kw>
<kw name="Wait Until Element Is Enabled" library="SeleniumLibrary">
<arg>${element}</arg>
<arg>${_Sleep}</arg>
<doc>Waits until the element ``locator`` is enabled.</doc>
<status status="PASS" starttime="20220921 10:28:20.653" endtime="20220921 10:28:20.681"/>
</kw>
<kw name="Set Focus To Element" library="SeleniumLibrary">
<arg>${element}</arg>
<doc>Sets the focus to the element identified by ``locator``.</doc>
<status status="PASS" starttime="20220921 10:28:20.681" endtime="20220921 10:28:20.691"/>
</kw>
<kw name="Input Text" library="SeleniumLibrary">
<arg>${element}</arg>
<arg>${data}</arg>
<doc>Types the given ``text`` into the text field identified by ``locator``.</doc>
<msg timestamp="20220921 10:28:20.692" level="INFO">Typing text 'test123' into text field '//input[contains(@id,'card')]'.</msg>
<status status="PASS" starttime="20220921 10:28:20.691" endtime="20220921 10:28:20.737"/>
</kw>
<status status="PASS" starttime="20220921 10:28:20.630" endtime="20220921 10:28:20.737"/>
</kw>
<kw name="Ingresar Texto" library="generalActions">
<arg>${input_mes}</arg>
<arg>septiembre</arg>
<kw name="Wait Until Element Is Visible" library="SeleniumLibrary">
<arg>${element}</arg>
<arg>${_Sleep}</arg>
<doc>Waits until the element ``locator`` is visible.</doc>
<status status="PASS" starttime="20220921 10:28:20.737" endtime="20220921 10:28:20.754"/>
</kw>
<kw name="Wait Until Element Is Enabled" library="SeleniumLibrary">
<arg>${element}</arg>
<arg>${_Sleep}</arg>
<doc>Waits until the element ``locator`` is enabled.</doc>
<status status="PASS" starttime="20220921 10:28:20.754" endtime="20220921 10:28:20.772"/>
</kw>
<kw name="Set Focus To Element" library="SeleniumLibrary">
<arg>${element}</arg>
<doc>Sets the focus to the element identified by ``locator``.</doc>
<status status="PASS" starttime="20220921 10:28:20.772" endtime="20220921 10:28:20.780"/>
</kw>
<kw name="Input Text" library="SeleniumLibrary">
<arg>${element}</arg>
<arg>${data}</arg>
<doc>Types the given ``text`` into the text field identified by ``locator``.</doc>
<msg timestamp="20220921 10:28:20.781" level="INFO">Typing text 'septiembre' into text field '//input[contains(@id,'month')]'.</msg>
<status status="PASS" starttime="20220921 10:28:20.780" endtime="20220921 10:28:20.827"/>
</kw>
<status status="PASS" starttime="20220921 10:28:20.737" endtime="20220921 10:28:20.827"/>
</kw>
<kw name="Ingresar Texto" library="generalActions">
<arg>${input_año}</arg>
<arg>2023</arg>
<kw name="Wait Until Element Is Visible" library="SeleniumLibrary">
<arg>${element}</arg>
<arg>${_Sleep}</arg>
<doc>Waits until the element ``locator`` is visible.</doc>
<status status="PASS" starttime="20220921 10:28:20.828" endtime="20220921 10:28:20.842"/>
</kw>
<kw name="Wait Until Element Is Enabled" library="SeleniumLibrary">
<arg>${element}</arg>
<arg>${_Sleep}</arg>
<doc>Waits until the element ``locator`` is enabled.</doc>
<status status="PASS" starttime="20220921 10:28:20.842" endtime="20220921 10:28:20.861"/>
</kw>
<kw name="Set Focus To Element" library="SeleniumLibrary">
<arg>${element}</arg>
<doc>Sets the focus to the element identified by ``locator``.</doc>
<status status="PASS" starttime="20220921 10:28:20.861" endtime="20220921 10:28:20.871"/>
</kw>
<kw name="Input Text" library="SeleniumLibrary">
<arg>${element}</arg>
<arg>${data}</arg>
<doc>Types the given ``text`` into the text field identified by ``locator``.</doc>
<msg timestamp="20220921 10:28:20.872" level="INFO">Typing text '2023' into text field '//input[contains(@id,'year')]'.</msg>
<status status="PASS" starttime="20220921 10:28:20.871" endtime="20220921 10:28:20.919"/>
</kw>
<status status="PASS" starttime="20220921 10:28:20.827" endtime="20220921 10:28:20.919"/>
</kw>
<kw name="tomar evidencia" library="generalActions">
<arg>${ruta}</arg>
<arg>detallescarrito.png</arg>
<kw name="Capture Page Screenshot" library="SeleniumLibrary">
<arg>${ruta}${nombre}</arg>
<doc>Takes a screenshot of the current page and embeds it into a log file.</doc>
<msg timestamp="20220921 10:28:21.120" level="INFO" html="true">&lt;/td&gt;&lt;/tr&gt;&lt;tr&gt;&lt;td colspan="3"&gt;&lt;a href="../../../../B2B2C/test/reporting/21_09_10_13_pruebaAutomatizacion/detallescarrito.png"&gt;&lt;img src="../../../../B2B2C/test/reporting/21_09_10_13_pruebaAutomatizacion/detallescarrito.png" width="800px"&gt;&lt;/a&gt;</msg>
<status status="PASS" starttime="20220921 10:28:20.920" endtime="20220921 10:28:21.120"/>
</kw>
<kw name="Set Screenshot Directory" library="ScreenCapLibrary">
<arg>${ruta}</arg>
<doc>Sets the directory where screenshots are saved.</doc>
<status status="PASS" starttime="20220921 10:28:21.120" endtime="20220921 10:28:21.120"/>
</kw>
<status status="PASS" starttime="20220921 10:28:20.919" endtime="20220921 10:28:21.120"/>
</kw>
<kw name="Click Elemento" library="generalActions">
<arg>${btn_next}</arg>
<kw name="Wait Until Element Is Visible" library="SeleniumLibrary">
<arg>${element}</arg>
<arg>${_Sleep}</arg>
<doc>Waits until the element ``locator`` is visible.</doc>
<status status="PASS" starttime="20220921 10:28:21.121" endtime="20220921 10:28:21.139"/>
</kw>
<kw name="Wait Until Element Is Enabled" library="SeleniumLibrary">
<arg>${element}</arg>
<arg>${_Sleep}</arg>
<doc>Waits until the element ``locator`` is enabled.</doc>
<status status="PASS" starttime="20220921 10:28:21.139" endtime="20220921 10:28:21.163"/>
</kw>
<kw name="Set Focus To Element" library="SeleniumLibrary">
<arg>${element}</arg>
<doc>Sets the focus to the element identified by ``locator``.</doc>
<status status="PASS" starttime="20220921 10:28:21.163" endtime="20220921 10:28:21.180"/>
</kw>
<kw name="Click Element" library="SeleniumLibrary">
<arg>${element}</arg>
<doc>Click the element identified by ``locator``.</doc>
<msg timestamp="20220921 10:28:21.180" level="INFO">Clicking element '//button[@type='button'][contains(.,'Purchase')]'.</msg>
<status status="PASS" starttime="20220921 10:28:21.180" endtime="20220921 10:28:21.218"/>
</kw>
<status status="PASS" starttime="20220921 10:28:21.121" endtime="20220921 10:28:21.218"/>
</kw>
<status status="PASS" starttime="20220921 10:28:20.306" endtime="20220921 10:28:21.218"/>
</kw>
<status status="PASS" starttime="20220921 10:28:20.306" endtime="20220921 10:28:21.218"/>
</kw>
<kw name="Validamos pedido" library="opencartQuestions">
<kw name="Validar pedido" library="opencartAction">
<kw name="tomar evidencia" library="generalActions">
<arg>${ruta}</arg>
<arg>confirmacion_pedido.png</arg>
<kw name="Capture Page Screenshot" library="SeleniumLibrary">
<arg>${ruta}${nombre}</arg>
<doc>Takes a screenshot of the current page and embeds it into a log file.</doc>
<msg timestamp="20220921 10:28:21.372" level="INFO" html="true">&lt;/td&gt;&lt;/tr&gt;&lt;tr&gt;&lt;td colspan="3"&gt;&lt;a href="../../../../B2B2C/test/reporting/21_09_10_13_pruebaAutomatizacion/confirmacion_pedido.png"&gt;&lt;img src="../../../../B2B2C/test/reporting/21_09_10_13_pruebaAutomatizacion/confirmacion_pedido.png" width="800px"&gt;&lt;/a&gt;</msg>
<status status="PASS" starttime="20220921 10:28:21.219" endtime="20220921 10:28:21.373"/>
</kw>
<kw name="Set Screenshot Directory" library="ScreenCapLibrary">
<arg>${ruta}</arg>
<doc>Sets the directory where screenshots are saved.</doc>
<status status="PASS" starttime="20220921 10:28:21.373" endtime="20220921 10:28:21.373"/>
</kw>
<status status="PASS" starttime="20220921 10:28:21.219" endtime="20220921 10:28:21.373"/>
</kw>
<kw name="Click Elemento" library="generalActions">
<arg>${btn_confirmar_pedido}</arg>
<kw name="Wait Until Element Is Visible" library="SeleniumLibrary">
<arg>${element}</arg>
<arg>${_Sleep}</arg>
<doc>Waits until the element ``locator`` is visible.</doc>
<status status="PASS" starttime="20220921 10:28:21.373" endtime="20220921 10:28:21.394"/>
</kw>
<kw name="Wait Until Element Is Enabled" library="SeleniumLibrary">
<arg>${element}</arg>
<arg>${_Sleep}</arg>
<doc>Waits until the element ``locator`` is enabled.</doc>
<status status="PASS" starttime="20220921 10:28:21.394" endtime="20220921 10:28:21.420"/>
</kw>
<kw name="Set Focus To Element" library="SeleniumLibrary">
<arg>${element}</arg>
<doc>Sets the focus to the element identified by ``locator``.</doc>
<status status="PASS" starttime="20220921 10:28:21.420" endtime="20220921 10:28:21.441"/>
</kw>
<kw name="Click Element" library="SeleniumLibrary">
<arg>${element}</arg>
<doc>Click the element identified by ``locator``.</doc>
<msg timestamp="20220921 10:28:21.441" level="INFO">Clicking element '//*[contains(text(),'OK')]'.</msg>
<status status="PASS" starttime="20220921 10:28:21.441" endtime="20220921 10:28:21.481"/>
</kw>
<status status="PASS" starttime="20220921 10:28:21.373" endtime="20220921 10:28:21.481"/>
</kw>
<kw name="Click Elemento" library="generalActions">
<arg>${btn_cerrar}</arg>
<kw name="Wait Until Element Is Visible" library="SeleniumLibrary">
<arg>${element}</arg>
<arg>${_Sleep}</arg>
<doc>Waits until the element ``locator`` is visible.</doc>
<status status="PASS" starttime="20220921 10:28:21.481" endtime="20220921 10:28:21.500"/>
</kw>
<kw name="Wait Until Element Is Enabled" library="SeleniumLibrary">
<arg>${element}</arg>
<arg>${_Sleep}</arg>
<doc>Waits until the element ``locator`` is enabled.</doc>
<status status="PASS" starttime="20220921 10:28:21.500" endtime="20220921 10:28:21.527"/>
</kw>
<kw name="Set Focus To Element" library="SeleniumLibrary">
<arg>${element}</arg>
<doc>Sets the focus to the element identified by ``locator``.</doc>
<status status="PASS" starttime="20220921 10:28:21.527" endtime="20220921 10:28:21.540"/>
</kw>
<kw name="Click Element" library="SeleniumLibrary">
<arg>${element}</arg>
<doc>Click the element identified by ``locator``.</doc>
<msg timestamp="20220921 10:28:21.541" level="INFO">Clicking element '(//button[@type='button'][contains(.,'Close')])[3]'.</msg>
<status status="PASS" starttime="20220921 10:28:21.540" endtime="20220921 10:28:21.570"/>
</kw>
<status status="PASS" starttime="20220921 10:28:21.481" endtime="20220921 10:28:21.570"/>
</kw>
<status status="PASS" starttime="20220921 10:28:21.219" endtime="20220921 10:28:21.570"/>
</kw>
<status status="PASS" starttime="20220921 10:28:21.219" endtime="20220921 10:28:21.570"/>
</kw>
<status status="PASS" starttime="20220921 10:28:04.990" endtime="20220921 10:28:21.570"/>
</test>
<status status="PASS" starttime="20220921 10:28:04.352" endtime="20220921 10:28:21.572"/>
</suite>
<statistics>
<total>
<stat pass="1" fail="0" skip="0">All Tests</stat>
</total>
<tag>
</tag>
<suite>
<stat pass="1" fail="0" skip="0" id="s1" name="Opencart">Opencart</stat>
</suite>
</statistics>
<errors>
</errors>
</robot>
